<?xml version="1.0" encoding="UTF-8"?>
<TestRun id="d7364857-80c4-4862-8766-7e65cf0ec0ef" name="Korsak_A@KORSAK-A 2010-08-20 16:38:18" runUser="BELITGROUP\Korsak_A" xmlns="http://microsoft.com/schemas/VisualStudio/TeamTest/2010">
  <TestSettings name="Default Test Settings" id="9eaf8180-36fe-4aed-a156-a5f0c0aa89e1">
    <Execution>
      <TestTypeSpecific />
      <AgentRule name="Execution Agents">
      </AgentRule>
    </Execution>
    <Deployment runDeploymentRoot="Korsak_A_KORSAK-A 2010-08-20 16_38_18" />
  </TestSettings>
  <Times creation="2010-08-20T16:38:18.3021204+03:00" queuing="2010-08-20T16:38:19.3333902+03:00" start="2010-08-20T16:38:19.7240227+03:00" finish="2010-08-20T16:38:20.1146552+03:00" />
  <ResultSummary outcome="Completed">
    <Counters total="1" executed="1" passed="1" error="0" failed="0" timeout="0" aborted="0" inconclusive="0" passedButRunAborted="0" notRunnable="0" notExecuted="0" disconnected="0" warning="0" completed="0" inProgress="0" pending="0" />
  </ResultSummary>
  <TestDefinitions>
    <UnitTest name="SearchThreeLevelCommandTest2" storage="d:\projects\oivoodoo\clish.tests\clish.tests\bin\debug\clish.tests.dll" id="967507a6-0afa-8839-99cc-26cbd78d0eff">
      <Execution timeOut="1800000" id="ad0bfe1a-6cd7-48ba-af99-d16b5655f00c" />
      <TestMethod codeBase="D:/Projects/oivoodoo/Clish.Tests/Clish.Tests/bin/Debug/Clish.Tests.DLL" adapterTypeName="Microsoft.VisualStudio.TestTools.TestTypes.Unit.UnitTestAdapter, Microsoft.VisualStudio.QualityTools.Tips.UnitTest.Adapter, Version=10.0.0.0, Culture=neutral, PublicKeyToken=b03f5f7f11d50a3a" className="Clish.Tests.CommandNodesTests, Clish.Tests, Version=1.0.0.0, Culture=neutral, PublicKeyToken=null" name="SearchThreeLevelCommandTest2" />
    </UnitTest>
  </TestDefinitions>
  <TestLists>
    <TestList name="Results Not in a List" id="8c84fa94-04c1-424b-9868-57a2d4851a1d" />
    <TestList name="All Loaded Results" id="19431567-8539-422a-85d7-44ee4e166bda" />
  </TestLists>
  <TestEntries>
    <TestEntry testId="967507a6-0afa-8839-99cc-26cbd78d0eff" executionId="ad0bfe1a-6cd7-48ba-af99-d16b5655f00c" testListId="8c84fa94-04c1-424b-9868-57a2d4851a1d" />
  </TestEntries>
  <Results>
    <UnitTestResult executionId="ad0bfe1a-6cd7-48ba-af99-d16b5655f00c" testId="967507a6-0afa-8839-99cc-26cbd78d0eff" testName="SearchThreeLevelCommandTest2" computerName="KORSAK-A" duration="00:00:00.0598201" startTime="2010-08-20T16:38:19.8021492+03:00" endTime="2010-08-20T16:38:19.9584022+03:00" testType="13cdc9d9-ddb5-4fa4-a97d-d965ccfc6d4b" outcome="Passed" testListId="8c84fa94-04c1-424b-9868-57a2d4851a1d" relativeResultsDirectory="ad0bfe1a-6cd7-48ba-af99-d16b5655f00c">
    </UnitTestResult>
  </Results>
</TestRun>