<?xml version="1.0" encoding="UTF-8"?>
<TestRun id="7357df3e-7739-40dc-9373-cdabcef19076" name="Korsak_A@KORSAK-A 2010-08-20 16:05:37" runUser="BELITGROUP\Korsak_A" xmlns="http://microsoft.com/schemas/VisualStudio/TeamTest/2010">
  <TestSettings name="Default Test Settings" id="f194533f-82a0-48d1-af5e-3efec3325826">
    <Execution>
      <TestTypeSpecific />
      <AgentRule name="Execution Agents">
      </AgentRule>
    </Execution>
    <Deployment runDeploymentRoot="Korsak_A_KORSAK-A 2010-08-20 16_05_37" />
  </TestSettings>
  <Times creation="2010-08-20T16:05:37.0389210+03:00" queuing="2010-08-20T16:05:40.2265230+03:00" start="2010-08-20T16:05:41.2890570+03:00" finish="2010-08-20T16:05:42.0390810+03:00" />
  <ResultSummary outcome="Completed">
    <Counters total="1" executed="1" passed="1" error="0" failed="0" timeout="0" aborted="0" inconclusive="0" passedButRunAborted="0" notRunnable="0" notExecuted="0" disconnected="0" warning="0" completed="0" inProgress="0" pending="0" />
  </ResultSummary>
  <TestDefinitions>
    <UnitTest name="CreationTwoLevelCommandTest" storage="d:\projects\oivoodoo\clish.tests\clish.tests\bin\debug\clish.tests.dll" id="d65e200d-7128-219a-9b9d-37098cee688f">
      <Execution timeOut="1800000" id="e2e02519-32f4-407a-9446-c3f62dd7c558" />
      <TestMethod codeBase="D:/Projects/oivoodoo/Clish.Tests/Clish.Tests/bin/Debug/Clish.Tests.DLL" adapterTypeName="Microsoft.VisualStudio.TestTools.TestTypes.Unit.UnitTestAdapter, Microsoft.VisualStudio.QualityTools.Tips.UnitTest.Adapter, Version=10.0.0.0, Culture=neutral, PublicKeyToken=b03f5f7f11d50a3a" className="Clish.Tests.CommandNodesTests, Clish.Tests, Version=1.0.0.0, Culture=neutral, PublicKeyToken=null" name="CreationTwoLevelCommandTest" />
    </UnitTest>
  </TestDefinitions>
  <TestLists>
    <TestList name="Results Not in a List" id="8c84fa94-04c1-424b-9868-57a2d4851a1d" />
    <TestList name="All Loaded Results" id="19431567-8539-422a-85d7-44ee4e166bda" />
  </TestLists>
  <TestEntries>
    <TestEntry testId="d65e200d-7128-219a-9b9d-37098cee688f" executionId="e2e02519-32f4-407a-9446-c3f62dd7c558" testListId="8c84fa94-04c1-424b-9868-57a2d4851a1d" />
  </TestEntries>
  <Results>
    <UnitTestResult executionId="e2e02519-32f4-407a-9446-c3f62dd7c558" testId="d65e200d-7128-219a-9b9d-37098cee688f" testName="CreationTwoLevelCommandTest" computerName="KORSAK-A" duration="00:00:00.0365214" startTime="2010-08-20T16:05:41.6640690+03:00" endTime="2010-08-20T16:05:41.8672005+03:00" testType="13cdc9d9-ddb5-4fa4-a97d-d965ccfc6d4b" outcome="Passed" testListId="8c84fa94-04c1-424b-9868-57a2d4851a1d" relativeResultsDirectory="e2e02519-32f4-407a-9446-c3f62dd7c558">
    </UnitTestResult>
  </Results>
</TestRun>