<?xml version="1.0" encoding="UTF-8"?>
<TestRun id="139dcf9d-c4e5-413c-ad1d-d32059bba02f" name="Korsak_A@KORSAK-A 2010-08-20 16:38:25" runUser="BELITGROUP\Korsak_A" xmlns="http://microsoft.com/schemas/VisualStudio/TeamTest/2010">
  <TestSettings name="Default Test Settings" id="c6da4ade-dd3c-49bf-acc8-5364deff90b2">
    <Execution>
      <TestTypeSpecific />
      <AgentRule name="Execution Agents">
      </AgentRule>
    </Execution>
    <Deployment runDeploymentRoot="Korsak_A_KORSAK-A 2010-08-20 16_38_25" />
  </TestSettings>
  <Times creation="2010-08-20T16:38:25.2085030+03:00" queuing="2010-08-20T16:38:26.1147704+03:00" start="2010-08-20T16:38:26.7554077+03:00" finish="2010-08-20T16:38:27.1616655+03:00" />
  <ResultSummary outcome="Failed">
    <Counters total="1" executed="1" error="0" failed="1" timeout="0" aborted="0" inconclusive="0" passedButRunAborted="0" notRunnable="0" notExecuted="0" disconnected="0" warning="0" passed="0" completed="0" inProgress="0" pending="0" />
  </ResultSummary>
  <TestDefinitions>
    <UnitTest name="GetLinearNodesTest" storage="d:\projects\oivoodoo\clish.tests\clish.tests\bin\debug\clish.tests.dll" id="a75d1b1a-4234-aa1a-4a67-639658d72b3a">
      <Execution timeOut="1800000" id="c6a4d605-bc14-46cb-9ab8-e598298c8ee7" />
      <TestMethod codeBase="D:/Projects/oivoodoo/Clish.Tests/Clish.Tests/bin/Debug/Clish.Tests.DLL" adapterTypeName="Microsoft.VisualStudio.TestTools.TestTypes.Unit.UnitTestAdapter, Microsoft.VisualStudio.QualityTools.Tips.UnitTest.Adapter, Version=10.0.0.0, Culture=neutral, PublicKeyToken=b03f5f7f11d50a3a" className="Clish.Tests.CommandNodesTests, Clish.Tests, Version=1.0.0.0, Culture=neutral, PublicKeyToken=null" name="GetLinearNodesTest" />
    </UnitTest>
  </TestDefinitions>
  <TestLists>
    <TestList name="Results Not in a List" id="8c84fa94-04c1-424b-9868-57a2d4851a1d" />
    <TestList name="All Loaded Results" id="19431567-8539-422a-85d7-44ee4e166bda" />
  </TestLists>
  <TestEntries>
    <TestEntry testId="a75d1b1a-4234-aa1a-4a67-639658d72b3a" executionId="c6a4d605-bc14-46cb-9ab8-e598298c8ee7" testListId="8c84fa94-04c1-424b-9868-57a2d4851a1d" />
  </TestEntries>
  <Results>
    <UnitTestResult executionId="c6a4d605-bc14-46cb-9ab8-e598298c8ee7" testId="a75d1b1a-4234-aa1a-4a67-639658d72b3a" testName="GetLinearNodesTest" computerName="KORSAK-A" duration="00:00:00.0929699" startTime="2010-08-20T16:38:26.8335342+03:00" endTime="2010-08-20T16:38:27.0366631+03:00" testType="13cdc9d9-ddb5-4fa4-a97d-d965ccfc6d4b" outcome="Failed" testListId="8c84fa94-04c1-424b-9868-57a2d4851a1d" relativeResultsDirectory="c6a4d605-bc14-46cb-9ab8-e598298c8ee7">
      <Output>
        <ErrorInfo>
          <Message>Assert.IsTrue failed. </Message>
          <StackTrace>   at Clish.Tests.CommandNodesTests.GetLinearNodesTest() in D:\Projects\oivoodoo\Clish.Tests\Clish.Tests\CommandNodesTests.cs:line 166
</StackTrace>
        </ErrorInfo>
      </Output>
    </UnitTestResult>
  </Results>
</TestRun>