<?xml version="1.0" encoding="UTF-8"?>
<TestRun id="477b9fdc-e0c3-411b-af2b-fac2d34ebec7" name="Korsak_A@KORSAK-A 2010-08-20 16:26:59" runUser="BELITGROUP\Korsak_A" xmlns="http://microsoft.com/schemas/VisualStudio/TeamTest/2010">
  <TestSettings name="Default Test Settings" id="da1b2166-ec55-40c5-81f9-1e388503517c">
    <Execution>
      <TestTypeSpecific />
      <AgentRule name="Execution Agents">
      </AgentRule>
    </Execution>
    <Deployment runDeploymentRoot="Korsak_A_KORSAK-A 2010-08-20 16_26_59" />
  </TestSettings>
  <Times creation="2010-08-20T16:26:59.5420839+03:00" queuing="2010-08-20T16:27:00.3857637+03:00" start="2010-08-20T16:27:00.7919799+03:00" finish="2010-08-20T16:27:01.2294435+03:00" />
  <ResultSummary outcome="Failed">
    <Counters total="1" executed="1" error="0" failed="1" timeout="0" aborted="0" inconclusive="0" passedButRunAborted="0" notRunnable="0" notExecuted="0" disconnected="0" warning="0" passed="0" completed="0" inProgress="0" pending="0" />
  </ResultSummary>
  <TestDefinitions>
    <UnitTest name="SearchThreeLevelCommandTest2" storage="d:\projects\oivoodoo\clish.tests\clish.tests\bin\debug\clish.tests.dll" id="967507a6-0afa-8839-99cc-26cbd78d0eff">
      <Execution timeOut="1800000" id="d0aa7b0a-b787-4345-ae67-727179f2eb2a" />
      <TestMethod codeBase="D:/Projects/oivoodoo/Clish.Tests/Clish.Tests/bin/Debug/Clish.Tests.DLL" adapterTypeName="Microsoft.VisualStudio.TestTools.TestTypes.Unit.UnitTestAdapter, Microsoft.VisualStudio.QualityTools.Tips.UnitTest.Adapter, Version=10.0.0.0, Culture=neutral, PublicKeyToken=b03f5f7f11d50a3a" className="Clish.Tests.CommandNodesTests, Clish.Tests, Version=1.0.0.0, Culture=neutral, PublicKeyToken=null" name="SearchThreeLevelCommandTest2" />
    </UnitTest>
  </TestDefinitions>
  <TestLists>
    <TestList name="Results Not in a List" id="8c84fa94-04c1-424b-9868-57a2d4851a1d" />
    <TestList name="All Loaded Results" id="19431567-8539-422a-85d7-44ee4e166bda" />
  </TestLists>
  <TestEntries>
    <TestEntry testId="967507a6-0afa-8839-99cc-26cbd78d0eff" executionId="d0aa7b0a-b787-4345-ae67-727179f2eb2a" testListId="8c84fa94-04c1-424b-9868-57a2d4851a1d" />
  </TestEntries>
  <Results>
    <UnitTestResult executionId="d0aa7b0a-b787-4345-ae67-727179f2eb2a" testId="967507a6-0afa-8839-99cc-26cbd78d0eff" testName="SearchThreeLevelCommandTest2" computerName="KORSAK-A" duration="00:00:00.0984854" startTime="2010-08-20T16:27:00.8544747+03:00" endTime="2010-08-20T16:27:01.1044539+03:00" testType="13cdc9d9-ddb5-4fa4-a97d-d965ccfc6d4b" outcome="Failed" testListId="8c84fa94-04c1-424b-9868-57a2d4851a1d" relativeResultsDirectory="d0aa7b0a-b787-4345-ae67-727179f2eb2a">
      <Output>
        <ErrorInfo>
          <Message>Assert.IsTrue failed. </Message>
          <StackTrace>   at Clish.Tests.CommandNodesTests.SearchThreeLevelCommandTest2() in D:\Projects\oivoodoo\Clish.Tests\Clish.Tests\CommandNodesTests.cs:line 143
</StackTrace>
        </ErrorInfo>
      </Output>
    </UnitTestResult>
  </Results>
</TestRun>