<?xml version="1.0" encoding="UTF-8"?>
<TestRun id="96ee8264-d08f-4e26-9545-7a95a5b9f58d" name="Korsak_A@KORSAK-A 2010-08-20 16:43:07" runUser="BELITGROUP\Korsak_A" xmlns="http://microsoft.com/schemas/VisualStudio/TeamTest/2010">
  <TestSettings name="Default Test Settings" id="551f965b-a38e-4907-9ec3-14bedd28c044">
    <Execution>
      <TestTypeSpecific />
      <AgentRule name="Execution Agents">
      </AgentRule>
    </Execution>
    <Deployment runDeploymentRoot="Korsak_A_KORSAK-A 2010-08-20 16_43_07" />
  </TestSettings>
  <Times creation="2010-08-20T16:43:07.2937137+03:00" queuing="2010-08-20T16:43:08.1374853+03:00" start="2010-08-20T16:43:08.6062473+03:00" finish="2010-08-20T16:43:08.9343807+03:00" />
  <ResultSummary outcome="Completed">
    <Counters total="1" executed="1" passed="1" error="0" failed="0" timeout="0" aborted="0" inconclusive="0" passedButRunAborted="0" notRunnable="0" notExecuted="0" disconnected="0" warning="0" completed="0" inProgress="0" pending="0" />
  </ResultSummary>
  <TestDefinitions>
    <UnitTest name="GetLinearNodesTest" storage="d:\projects\oivoodoo\clish.tests\clish.tests\bin\debug\clish.tests.dll" id="a75d1b1a-4234-aa1a-4a67-639658d72b3a">
      <Execution timeOut="1800000" id="572e9735-1001-4afd-8f1b-db69414a37db" />
      <TestMethod codeBase="D:/Projects/oivoodoo/Clish.Tests/Clish.Tests/bin/Debug/Clish.Tests.DLL" adapterTypeName="Microsoft.VisualStudio.TestTools.TestTypes.Unit.UnitTestAdapter, Microsoft.VisualStudio.QualityTools.Tips.UnitTest.Adapter, Version=10.0.0.0, Culture=neutral, PublicKeyToken=b03f5f7f11d50a3a" className="Clish.Tests.CommandNodesTests, Clish.Tests, Version=1.0.0.0, Culture=neutral, PublicKeyToken=null" name="GetLinearNodesTest" />
    </UnitTest>
  </TestDefinitions>
  <TestLists>
    <TestList name="Results Not in a List" id="8c84fa94-04c1-424b-9868-57a2d4851a1d" />
    <TestList name="All Loaded Results" id="19431567-8539-422a-85d7-44ee4e166bda" />
  </TestLists>
  <TestEntries>
    <TestEntry testId="a75d1b1a-4234-aa1a-4a67-639658d72b3a" executionId="572e9735-1001-4afd-8f1b-db69414a37db" testListId="8c84fa94-04c1-424b-9868-57a2d4851a1d" />
  </TestEntries>
  <Results>
    <UnitTestResult executionId="572e9735-1001-4afd-8f1b-db69414a37db" testId="a75d1b1a-4234-aa1a-4a67-639658d72b3a" testName="GetLinearNodesTest" computerName="KORSAK-A" duration="00:00:00.0360713" startTime="2010-08-20T16:43:08.6531235+03:00" endTime="2010-08-20T16:43:08.7937521+03:00" testType="13cdc9d9-ddb5-4fa4-a97d-d965ccfc6d4b" outcome="Passed" testListId="8c84fa94-04c1-424b-9868-57a2d4851a1d" relativeResultsDirectory="572e9735-1001-4afd-8f1b-db69414a37db">
    </UnitTestResult>
  </Results>
</TestRun>